[0.367s] Invoking command in '/root/ros2_ws/build/bumperbot_controller': /usr/bin/cmake --build /root/ros2_ws/build/bumperbot_controller -- -j16 -l16
[0.438s] -- Found ament_cmake: 1.3.10 (/opt/ros/humble/share/ament_cmake/cmake)
[0.604s] Traceback (most recent call last):
[0.604s]   File "/opt/ros/humble/share/ament_cmake_core/cmake/package_templates/templates_2_cmake.py", line 21, in <module>
[0.605s]     from ament_package.templates import get_environment_hook_template_path
[0.605s] ModuleNotFoundError: No module named 'ament_package'
[0.610s] [31mCMake Error at /opt/ros/humble/share/ament_cmake_core/cmake/ament_cmake_package_templates-extras.cmake:41 (message):
[0.611s]   execute_process(/usr/bin/python3
[0.611s]   /opt/ros/humble/share/ament_cmake_core/cmake/package_templates/templates_2_cmake.py
[0.611s]   /root/ros2_ws/build/bumperbot_controller/ament_cmake_package_templates/templates.cmake)
[0.612s]   returned error code 1
[0.612s] Call Stack (most recent call first):
[0.613s]   /opt/ros/humble/share/ament_cmake_core/cmake/ament_cmake_coreConfig.cmake:41 (include)
[0.614s]   /opt/ros/humble/share/ament_cmake/cmake/ament_cmake_export_dependencies-extras.cmake:15 (find_package)
[0.614s]   /opt/ros/humble/share/ament_cmake/cmake/ament_cmakeConfig.cmake:41 (include)
[0.615s]   CMakeLists.txt:9 (find_package)
[0.615s] 
[0.615s] [0m
[0.616s] -- Configuring incomplete, errors occurred!
[0.617s] See also "/root/ros2_ws/build/bumperbot_controller/CMakeFiles/CMakeOutput.log".
[0.620s] gmake: *** [Makefile:226: cmake_check_build_system] Error 1
[0.635s] Invoked command in '/root/ros2_ws/build/bumperbot_controller' returned '2': /usr/bin/cmake --build /root/ros2_ws/build/bumperbot_controller -- -j16 -l16
